<?xml version="1.0" encoding="UTF-8"?>
<!-- Generated by org.testng.reporters.JUnitReportReporter -->
<testsuite hostname="ASCENDI-DHNJFQU" failures="0" tests="2" name="pac1.Lab9_TestNG" time="71.272" errors="0" timestamp="2025-10-16T10:12:44 IST" skipped="0">
  <testcase classname="pac1.Lab9_TestNG" name="testOnEdge" time="49.399"/>
  <system-out/>
  <testcase classname="pac1.Lab9_TestNG" name="testOnChrome" time="21.873"/>
  <system-out/>
</testsuite> <!-- pac1.Lab9_TestNG -->
